********************************************************************************
product = Open Liberty 21.0.0.6 (wlp-1.0.53.cl210620210527-1900)
wlp.install.dir = /home/anakettl/Projetos/webservice/target/liberty/wlp/
java.home = /usr/lib/jvm/java-14-oracle
java.version = 14.0.2
java.runtime = Java(TM) SE Runtime Environment (14.0.2+12-46)
os = Linux (5.4.0-77-generic; amd64) (pt_BR)
process = 4633@anakettl
********************************************************************************
[06/07/2021 21:53:43:885 BRT] 00000001 com.ibm.ws.kernel.launch.internal.FrameworkManager           A CWWKE0001I: O servidor webservice foi ativado.
[06/07/2021 21:53:45:578 BRT] 00000001 com.ibm.ws.kernel.launch.internal.FrameworkManager           I CWWKE0002I: O kernel foi iniciado após 2,17 segundos
[06/07/2021 21:53:45:628 BRT] 00000023 com.ibm.ws.kernel.feature.internal.FeatureManager            I CWWKF0007I: Atualização do recurso iniciada.
[06/07/2021 21:53:48:024 BRT] 0000001b .apache.cxf.cxf.core.3.2:1.0.53.cl210620210527-1900(id=128)] I Aries Blueprint packages not available. So namespaces will not be registered
[06/07/2021 21:53:48:027 BRT] 00000019 .apache.cxf.cxf.core.3.2:1.0.53.cl210620210527-1900(id=128)] I Aries Blueprint packages not available. So namespaces will not be registered
[06/07/2021 21:53:48:151 BRT] 00000017 com.ibm.ws.security.ready.internal.SecurityReadyServiceImpl  I CWWKS0007I: O serviço de segurança está iniciando...
[06/07/2021 21:53:48:553 BRT] 00000018 com.ibm.ws.app.manager.internal.monitor.DropinMonitor        A CWWKZ0058I: Monitorando dropins para aplicativos.
[06/07/2021 21:53:49:508 BRT] 0000001b rty.security.mp.jwt.v12.config.impl.MpConfigProxyServiceImpl I CWWKS5780I: O MicroProfile JWT versão 1.2 mpConfigProxy foi processado com sucesso.
[06/07/2021 21:53:49:502 BRT] 00000018 .ws.security.mp.jwt.v11.config.impl.MpConfigProxyServiceImpl I CWWKS5775I: O mpConfigProxy do MicroProfile JWT versão 1.1 foi processado com sucesso.
[06/07/2021 21:53:49:571 BRT] 0000001a com.ibm.ws.cache.ServerCache                                 I DYNA1001I: A instância de Cache Dinâmico do WebSphere denominada baseCache foi inicializada com êxito.
[06/07/2021 21:53:49:577 BRT] 0000001a com.ibm.ws.cache.ServerCache                                 I DYNA1071I: O provedor de cache default está sendo usado.
[06/07/2021 21:53:49:581 BRT] 0000001a com.ibm.ws.cache.CacheServiceImpl                            I DYNA1056I: Cache Dinâmico (cache de objeto) inicializado com êxito.
[06/07/2021 21:53:49:846 BRT] 0000002b com.ibm.ws.security.token.ltpa.LTPAKeyInfoManager            I CWWKS4103I: Criando as chaves LTPA. Isso pode levar alguns segundos.
[06/07/2021 21:53:49:919 BRT] 00000017 ibm.ws.security.authentication.internal.jaas.JAASServiceImpl I CWWKS1123I:  O plug-in de autenticação coletivo com o nome de classe NullCollectiveAuthenticationPlugin foi ativado. 
[06/07/2021 21:53:50:256 BRT] 0000001f com.ibm.ws.ssl.config.WSKeyStore                             I CWPKI0802I: Criando o certificado SSL. Isso pode levar alguns segundos.
[06/07/2021 21:53:50:264 BRT] 0000001f SystemOut                                                    O sanEntry is dns:anakettl
[06/07/2021 21:53:50:265 BRT] 0000001f SystemOut                                                    O sanEntry is dns:localhost
[06/07/2021 21:53:50:447 BRT] 00000017 com.ibm.ws.security.jwt.internal.ConsumerImpl                I CWWKS6012I: O serviço do consumidor JSON Web Token (JWT) está disponível.
[06/07/2021 21:53:50:514 BRT] 00000017 com.ibm.ws.security.jwt.web.JwtEndpointServices              I CWWKS6002I: O trabalho de terminal JSON Web Token (JWT) está disponível.
[06/07/2021 21:53:50:703 BRT] 00000017 com.ibm.ws.security.jaspi.AuthConfigFactoryWrapper           I CWWKS1655I: A classe AuthConfigFactory com.ibm.ws.security.jaspi.ProviderRegistry padrão do Java Authentication SPI for Containers (JASPIC) está sendo usada porque a propriedade de segurança Java authconfigprovider.factory não está configurada. 
[06/07/2021 21:53:50:994 BRT] 0000002b com.ibm.ws.security.token.ltpa.LTPAKeyInfoManager            A CWWKS4104A: Chaves LTPA criadas em 1,147 segundos. Arquivo-chave LTPA: /home/anakettl/Projetos/webservice/target/liberty/wlp/usr/servers/webservice/resources/security/ltpa.keys
[06/07/2021 21:53:51:004 BRT] 0000002b com.ibm.ws.security.token.ltpa.internal.LTPAKeyCreateTask    I CWWKS4105I: A configuração de LTPA fica pronta após 1,165 segundos.
[06/07/2021 21:53:51:632 BRT] 00000017 com.ibm.ws.session.WASSessionCore                            I SESN8501I: O gerenciador de sessões não localizou um local de armazenamento persistente; objetos HttpSession serão armazenados na memória do servidor de aplicativos local.
[06/07/2021 21:53:51:741 BRT] 00000017 .microprofile.metrics.internal.monitor.MonitorMetricsHandler I CWPMI2003I: Métricas de monitoramento podem ser recuperadas por meio do mpMetrics.
[06/07/2021 21:53:52:031 BRT] 0000001f com.ibm.ws.ssl.config.WSKeyStore                             A CWPKI0803A: Certificado SSL criado em 1,774 segundos. Arquivo-chave SSL: /home/anakettl/Projetos/webservice/target/liberty/wlp/usr/servers/webservice/resources/security/public.jks
[06/07/2021 21:53:52:035 BRT] 0000001f com.ibm.ws.ssl.config.WSKeyStore                             I Successfully loaded default keystore: /home/anakettl/Projetos/webservice/target/liberty/wlp/usr/servers/webservice/resources/security/public.jks of type: JKS
[06/07/2021 21:53:52:123 BRT] 0000001f com.ibm.ws.security.mp.jwt.impl.MicroProfileJwtServiceImpl   I CWWKS5500I: A configuração do MicroProfile JWT [MicroProfileJwtService] foi processada com sucesso.
[06/07/2021 21:53:52:129 BRT] 0000001f com.ibm.ws.security.mp.jwt.impl.MicroProfileJwtConfigImpl    I CWWKS5500I: A configuração do MicroProfile JWT [jwtUserConsumer] foi processada com sucesso.
[06/07/2021 21:53:52:131 BRT] 0000001f com.ibm.ws.security.mp.jwt.impl.MicroProfileJwtConfigImpl    I CWWKS5500I: A configuração do MicroProfile JWT [defaultMpJwt] foi processada com sucesso.
[06/07/2021 21:53:52:998 BRT] 00000035 com.ibm.ws.app.manager.AppMessageHelper                      I CWWKZ0018I: Iniciando o aplicativo webservice.
[06/07/2021 21:53:53:017 BRT] 00000035 bm.ws.app.manager.war.internal.WARDeployedAppInfoFactoryImpl I CWWKZ0134I: O aplicativo webservice está usando a definição de aplicativo indefinido no local /home/anakettl/Projetos/webservice/target/liberty/wlp/usr/servers/webservice/apps/webservice.war.xml.
[06/07/2021 21:53:53:120 BRT] 00000029 com.ibm.ws.webcontainer.osgi.webapp.WebGroup                 I SRVE0169I: Carregando o Módulo da Web: PublicMicroProfileMetrics.
[06/07/2021 21:53:53:126 BRT] 00000029 com.ibm.ws.webcontainer                                      I SRVE0250I: O Módulo da Web PublicMicroProfileMetrics foi ligado ao default_host.
[06/07/2021 21:53:53:112 BRT] 00000025 com.ibm.ws.webcontainer.osgi.webapp.WebGroup                 I SRVE0169I: Carregando o Módulo da Web: com.ibm.ws.security.jwt.
[06/07/2021 21:53:53:130 BRT] 00000025 com.ibm.ws.webcontainer                                      I SRVE0250I: O Módulo da Web com.ibm.ws.security.jwt foi ligado ao default_host.
[06/07/2021 21:53:53:129 BRT] 00000029 com.ibm.ws.http.internal.VirtualHostImpl                     A CWWKT0016I: Aplicativo da Web disponível (default_host): http://localhost:9080/metrics/
[06/07/2021 21:53:53:159 BRT] 00000025 com.ibm.ws.http.internal.VirtualHostImpl                     A CWWKT0016I: Aplicativo da Web disponível (default_host): http://localhost:9080/jwt/
[06/07/2021 21:53:53:163 BRT] 00000028 com.ibm.ws.webcontainer.osgi.webapp.WebGroup                 I SRVE0169I: Carregando o Módulo da Web: health.
[06/07/2021 21:53:53:164 BRT] 00000028 com.ibm.ws.webcontainer                                      I SRVE0250I: O Módulo da Web health foi ligado ao default_host.
[06/07/2021 21:53:53:164 BRT] 00000028 com.ibm.ws.http.internal.VirtualHostImpl                     A CWWKT0016I: Aplicativo da Web disponível (default_host): http://localhost:9080/health/
[06/07/2021 21:53:53:164 BRT] 00000027 com.ibm.ws.webcontainer.osgi.webapp.WebGroup                 I SRVE0169I: Carregando o Módulo da Web: OpenAPIUI.
[06/07/2021 21:53:53:165 BRT] 00000027 com.ibm.ws.webcontainer                                      I SRVE0250I: O Módulo da Web OpenAPIUI foi ligado ao default_host.
[06/07/2021 21:53:53:166 BRT] 00000027 com.ibm.ws.http.internal.VirtualHostImpl                     A CWWKT0016I: Aplicativo da Web disponível (default_host): http://localhost:9080/openapi/ui/
[06/07/2021 21:53:53:166 BRT] 0000002b com.ibm.ws.webcontainer.osgi.webapp.WebGroup                 I SRVE0169I: Carregando o Módulo da Web: ibm/api.
[06/07/2021 21:53:53:166 BRT] 0000002b com.ibm.ws.webcontainer                                      I SRVE0250I: O Módulo da Web ibm/api foi ligado ao default_host.
[06/07/2021 21:53:53:167 BRT] 0000002b com.ibm.ws.http.internal.VirtualHostImpl                     A CWWKT0016I: Aplicativo da Web disponível (default_host): http://localhost:9080/ibm/api/
[06/07/2021 21:53:53:235 BRT] 00000024 com.ibm.ws.webcontainer.osgi.webapp.WebGroup                 I SRVE0169I: Carregando o Módulo da Web: MicroProfileOpenAPI.
[06/07/2021 21:53:53:236 BRT] 00000024 com.ibm.ws.webcontainer                                      I SRVE0250I: O Módulo da Web MicroProfileOpenAPI foi ligado ao default_host.
[06/07/2021 21:53:53:236 BRT] 00000024 com.ibm.ws.http.internal.VirtualHostImpl                     A CWWKT0016I: Aplicativo da Web disponível (default_host): http://localhost:9080/openapi/
[06/07/2021 21:53:53:364 BRT] 00000028 com.ibm.ws.session.WASSessionCore                            I SESN0176I: Um novo contexto de sessão será criado para a chave do aplicativo default_host/ibm/api
[06/07/2021 21:53:53:389 BRT] 00000037 com.ibm.ws.session.WASSessionCore                            I SESN0176I: Um novo contexto de sessão será criado para a chave do aplicativo default_host/jwt
[06/07/2021 21:53:53:390 BRT] 00000038 com.ibm.ws.session.WASSessionCore                            I SESN0176I: Um novo contexto de sessão será criado para a chave do aplicativo default_host/openapi/ui
[06/07/2021 21:53:53:391 BRT] 00000036 com.ibm.ws.session.WASSessionCore                            I SESN0176I: Um novo contexto de sessão será criado para a chave do aplicativo default_host/metrics
[06/07/2021 21:53:53:392 BRT] 00000029 com.ibm.ws.session.WASSessionCore                            I SESN0176I: Um novo contexto de sessão será criado para a chave do aplicativo default_host/openapi
[06/07/2021 21:53:53:392 BRT] 00000025 com.ibm.ws.session.WASSessionCore                            I SESN0176I: Um novo contexto de sessão será criado para a chave do aplicativo default_host/health
[06/07/2021 21:53:53:513 BRT] 00000028 com.ibm.ws.util                                              I SESN0172I: O gerenciador de sessões está usando a implementação SecureRandom padrão Java para geração do ID de sessão.
[06/07/2021 21:53:53:539 BRT] 00000025 com.ibm.ws.util                                              I SESN0172I: O gerenciador de sessões está usando a implementação SecureRandom padrão Java para geração do ID de sessão.
[06/07/2021 21:53:53:557 BRT] 00000029 com.ibm.ws.util                                              I SESN0172I: O gerenciador de sessões está usando a implementação SecureRandom padrão Java para geração do ID de sessão.
[06/07/2021 21:53:53:570 BRT] 00000036 com.ibm.ws.util                                              I SESN0172I: O gerenciador de sessões está usando a implementação SecureRandom padrão Java para geração do ID de sessão.
[06/07/2021 21:53:53:571 BRT] 00000038 com.ibm.ws.util                                              I SESN0172I: O gerenciador de sessões está usando a implementação SecureRandom padrão Java para geração do ID de sessão.
[06/07/2021 21:53:53:573 BRT] 00000037 com.ibm.ws.util                                              I SESN0172I: O gerenciador de sessões está usando a implementação SecureRandom padrão Java para geração do ID de sessão.
[06/07/2021 21:53:53:626 BRT] 00000038 com.ibm.ws.cache.CacheServiceImpl                            I DYNA1056I: Cache Dinâmico (cache de objeto) inicializado com êxito.
[06/07/2021 21:53:54:129 BRT] 00000036 com.ibm.ws.webcontainer.servlet                              I SRVE0242I: [io.openliberty.microprofile.metrics.internal.public] [/metrics] [PublicMetricsRESTProxyServlet]: Inicialização bem sucedida.
[06/07/2021 21:53:54:132 BRT] 00000029 com.ibm.ws.webcontainer.servlet                              I SRVE0242I: [io.openliberty.microprofile.openapi.2.0.internal] [/openapi] [ApplicationServlet]: Inicialização bem sucedida.
[06/07/2021 21:53:54:149 BRT] 00000025 com.ibm.ws.webcontainer.servlet                              I SRVE0242I: [io.openliberty.microprofile.health.3.0.internal] [/health] [HealthCheckReadinessServlet]: Inicialização bem sucedida.
[06/07/2021 21:53:54:168 BRT] 00000025 com.ibm.ws.webcontainer.servlet                              I SRVE0242I: [io.openliberty.microprofile.health.3.0.internal] [/health] [HealthCheckServlet]: Inicialização bem sucedida.
[06/07/2021 21:53:54:170 BRT] 00000025 com.ibm.ws.webcontainer.servlet                              I SRVE0242I: [io.openliberty.microprofile.health.3.0.internal] [/health] [HealthCheckLivenessServlet]: Inicialização bem sucedida.
[06/07/2021 21:53:54:329 BRT] 0000002b com.ibm.ws.webcontainer.osgi.mbeans.PluginGenerator          I SRVE9103I: Um arquivo de configuração para um plug-in de servidor da web foi automaticamente gerado para este servidor em /home/anakettl/Projetos/webservice/target/liberty/wlp/usr/servers/webservice/logs/state/plugin-cfg.xml.
[06/07/2021 21:53:56:036 BRT] 00000035 io.openliberty.microprofile.openapi20.ApplicationProcessor   I CWWKO1660I: O aplicativo webservice foi processado e um documento OpenAPI foi produzido.
[06/07/2021 21:53:56:068 BRT] 00000035 org.jboss.weld.Version                                       I WELD-000900: 3.1.4 (Final)
[06/07/2021 21:53:58:639 BRT] 00000035 com.ibm.ws.webcontainer.osgi.webapp.WebGroup                 I SRVE0169I: Carregando o Módulo da Web: webservice.
[06/07/2021 21:53:58:639 BRT] 00000035 com.ibm.ws.webcontainer                                      I SRVE0250I: O Módulo da Web webservice foi ligado ao default_host.
[06/07/2021 21:53:58:639 BRT] 00000035 com.ibm.ws.http.internal.VirtualHostImpl                     A CWWKT0016I: Aplicativo da Web disponível (default_host): http://localhost:9080/
[06/07/2021 21:53:58:648 BRT] 00000027 com.ibm.ws.session.WASSessionCore                            I SESN0176I: Um novo contexto de sessão será criado para a chave do aplicativo default_host/
[06/07/2021 21:53:58:653 BRT] 00000027 com.ibm.ws.util                                              I SESN0172I: O gerenciador de sessões está usando a implementação SecureRandom padrão Java para geração do ID de sessão.
[06/07/2021 21:53:58:705 BRT] 00000027 com.ibm.ws.app.manager.AppMessageHelper                      A CWWKZ0001I: O aplicativo webservice foi iniciado em 5,707 segundos.
[06/07/2021 21:53:58:760 BRT] 00000035 com.ibm.ws.webcontainer.osgi.mbeans.PluginGenerator          I SRVE9103I: Um arquivo de configuração para um plug-in de servidor da web foi automaticamente gerado para este servidor em /home/anakettl/Projetos/webservice/target/liberty/wlp/usr/servers/webservice/logs/state/plugin-cfg.xml.
[06/07/2021 21:53:58:776 BRT] 00000023 com.ibm.ws.tcpchannel.internal.TCPPort                       I CWWKO0219I: O Canal TCP defaultHttpEndpoint foi iniciado e agora está atendendo solicitações no host faye  (IPv4: 127.0.0.1) porta 9080.
[06/07/2021 21:53:58:780 BRT] 00000023 com.ibm.ws.tcpchannel.internal.TCPPort                       I CWWKO0219I: O Canal TCP defaultHttpEndpoint-ssl foi iniciado e agora está atendendo solicitações no host faye  (IPv4: 127.0.0.1) porta 9443.
[06/07/2021 21:53:58:838 BRT] 00000023 com.ibm.ws.kernel.feature.internal.FeatureManager            A CWWKF0012I: O servidor instalou os recursos a seguir: [appSecurity-3.0, cdi-2.0, distributedMap-1.0, el-3.0, jaxrs-2.1, jaxrsClient-2.1, jndi-1.0, json-1.0, jsonb-1.0, jsonp-1.1, jwt-1.0, microProfile-4.0, monitor-1.0, mpConfig-2.0, mpFaultTolerance-3.0, mpHealth-3.0, mpJwt-1.2, mpMetrics-3.0, mpOpenAPI-2.0, mpOpenTracing-2.0, mpRestClient-2.0, opentracing-2.0, servlet-4.0, ssl-1.0].
[06/07/2021 21:53:58:839 BRT] 00000023 com.ibm.ws.kernel.feature.internal.FeatureManager            I CWWKF0008I: Atualização do recurso concluída em 13,265 segundos.
[06/07/2021 21:53:58:840 BRT] 00000023 com.ibm.ws.kernel.feature.internal.FeatureManager            A CWWKF0011I: O servidor webservice está pronto para gerenciar um planeta mais inteligente. O servidor webservice foi iniciado em 15,436 segundos.
[06/07/2021 21:54:00:851 BRT] 00000028 com.ibm.ws.http.internal.VirtualHostImpl                     A CWWKT0017I: Aplicativo da Web removido (default_host): http://localhost:9080/
[06/07/2021 21:54:00:910 BRT] 00000028 com.ibm.ws.app.manager.AppMessageHelper                      A CWWKZ0009I: O aplicativo webservice foi interrompido com sucesso.
[06/07/2021 21:54:00:924 BRT] 00000028 com.ibm.ws.app.manager.AppMessageHelper                      I CWWKZ0018I: Iniciando o aplicativo webservice.
[06/07/2021 21:54:00:933 BRT] 00000028 bm.ws.app.manager.war.internal.WARDeployedAppInfoFactoryImpl I CWWKZ0134I: O aplicativo webservice está usando a definição de aplicativo indefinido no local /home/anakettl/Projetos/webservice/target/liberty/wlp/usr/servers/webservice/apps/webservice.war.xml.
[06/07/2021 21:54:00:963 BRT] 00000037 com.ibm.ws.webcontainer.osgi.mbeans.PluginGenerator          I SRVE9103I: Um arquivo de configuração para um plug-in de servidor da web foi automaticamente gerado para este servidor em /home/anakettl/Projetos/webservice/target/liberty/wlp/usr/servers/webservice/logs/state/plugin-cfg.xml.
[06/07/2021 21:54:01:980 BRT] 00000028 io.openliberty.microprofile.openapi20.ApplicationProcessor   I CWWKO1660I: O aplicativo webservice foi processado e um documento OpenAPI foi produzido.
[06/07/2021 21:54:02:913 BRT] 00000028 com.ibm.ws.webcontainer.osgi.webapp.WebGroup                 I SRVE0169I: Carregando o Módulo da Web: webservice.
[06/07/2021 21:54:02:913 BRT] 00000028 com.ibm.ws.webcontainer                                      I SRVE0250I: O Módulo da Web webservice foi ligado ao default_host.
[06/07/2021 21:54:02:913 BRT] 00000028 com.ibm.ws.http.internal.VirtualHostImpl                     A CWWKT0016I: Aplicativo da Web disponível (default_host): http://localhost:9080/
[06/07/2021 21:54:02:929 BRT] 00000024 com.ibm.ws.session.WASSessionCore                            I SESN0176I: Um novo contexto de sessão será criado para a chave do aplicativo default_host/
[06/07/2021 21:54:02:929 BRT] 00000024 com.ibm.ws.util                                              I SESN0172I: O gerenciador de sessões está usando a implementação SecureRandom padrão Java para geração do ID de sessão.
[06/07/2021 21:54:02:943 BRT] 00000024 com.ibm.ws.app.manager.AppMessageHelper                      A CWWKZ0003I: O aplicativo webservice foi atualizado em 2,019 segundos.
[06/07/2021 21:54:02:968 BRT] 00000027 com.ibm.ws.webcontainer.osgi.mbeans.PluginGenerator          I SRVE9103I: Um arquivo de configuração para um plug-in de servidor da web foi automaticamente gerado para este servidor em /home/anakettl/Projetos/webservice/target/liberty/wlp/usr/servers/webservice/logs/state/plugin-cfg.xml.
[06/07/2021 21:54:33:219 BRT] 00000028 com.ibm.ws.webcontainer.extension                            W SRVE0190E: Arquivo não localizado: /favicon.ico
[06/07/2021 21:54:36:661 BRT] 00000029 .apache.cxf.cxf.core.3.2:1.0.53.cl210620210527-1900(id=128)] I Setting the server's publish address to be /data/
[06/07/2021 21:54:36:762 BRT] 00000029 com.ibm.ws.webcontainer.servlet                              I SRVE0242I: [webservice] [/] [com.example.webservice.WebserviceRestApplication]: Inicialização bem sucedida.
[06/07/2021 21:54:37:114 BRT] 00000029 io.jaegertracing.Configuration                               I Initialized tracer=JaegerTracer(version=Java-1.5.0, serviceName=webservice, reporter=RemoteReporter(sender=UdpSender(host=localhost, port=6831), closeEnqueueTimeout=1000), sampler=RemoteControlledSampler(maxOperations=2000, manager=HttpSamplingManager(hostPort=localhost:5778), sampler=ProbabilisticSampler(tags={sampler.type=probabilistic, sampler.param=0.001})), tags={hostname=anakettl, jaeger.version=Java-1.5.0, ip=127.0.1.1}, zipkinSharedRpcSpan=false, expandExceptionLogs=false, useTraceId128Bit=false)
[06/07/2021 21:54:37:115 BRT] 00000029 m.ibm.ws.microprofile.opentracing.jaeger.JaegerTracerFactory I CWMOT1001I: Uma instância de JaegerTracer foi criada para o aplicativo webservice. As informações de rastreio são enviadas para localhost:6831.
[06/07/2021 21:55:09:766 BRT] 00000013 com.ibm.ws.kernel.launch.internal.FrameworkManager           A CWWKE0085I: O servidor webservice está parando porque a JVM está saindo.
[06/07/2021 21:55:09:773 BRT] 00000047 com.ibm.ws.runtime.update.internal.RuntimeUpdateManagerImpl  A CWWKE1100I: Aguardando até 30 segundos para o servidor ser colocado em modo quiesce.
[06/07/2021 21:55:09:796 BRT] 00000023 com.ibm.ws.tcpchannel.internal.TCPChannel                    I CWWKO0220I: O Canal TCP defaultHttpEndpoint-ssl interrompeu o atendimento das solicitações no host faye  (IPv4: 127.0.0.1) porta 9443.
[06/07/2021 21:55:09:801 BRT] 00000023 com.ibm.ws.tcpchannel.internal.TCPChannel                    I CWWKO0220I: O Canal TCP defaultHttpEndpoint interrompeu o atendimento das solicitações no host faye  (IPv4: 127.0.0.1) porta 9080.
[06/07/2021 21:55:09:801 BRT] 00000023 com.ibm.ws.http.internal.VirtualHostImpl                     A CWWKT0017I: Aplicativo da Web removido (default_host): http://localhost:9080/jwt/
[06/07/2021 21:55:09:805 BRT] 00000023 com.ibm.ws.http.internal.VirtualHostImpl                     A CWWKT0017I: Aplicativo da Web removido (default_host): http://localhost:9080/openapi/ui/
[06/07/2021 21:55:09:812 BRT] 00000023 com.ibm.ws.http.internal.VirtualHostImpl                     A CWWKT0017I: Aplicativo da Web removido (default_host): http://localhost:9080/metrics/
[06/07/2021 21:55:09:814 BRT] 00000023 com.ibm.ws.http.internal.VirtualHostImpl                     A CWWKT0017I: Aplicativo da Web removido (default_host): http://localhost:9080/health/
[06/07/2021 21:55:09:822 BRT] 00000023 com.ibm.ws.http.internal.VirtualHostImpl                     A CWWKT0017I: Aplicativo da Web removido (default_host): http://localhost:9080/
[06/07/2021 21:55:09:824 BRT] 00000023 com.ibm.ws.http.internal.VirtualHostImpl                     A CWWKT0017I: Aplicativo da Web removido (default_host): http://localhost:9080/ibm/api/
[06/07/2021 21:55:09:825 BRT] 00000023 com.ibm.ws.http.internal.VirtualHostImpl                     A CWWKT0017I: Aplicativo da Web removido (default_host): http://localhost:9080/openapi/
[06/07/2021 21:55:10:161 BRT] 00000014 com.ibm.ws.kernel.launch.internal.ServerCommandListener      A CWWKE0055I: Encerramento do servidor solicitado em terça-feira, 6 de julho de 2021 às 21:55. O servidor webservice está sendo encerrado.
[06/07/2021 21:55:10:849 BRT] 00000047 com.ibm.ws.runtime.update.internal.RuntimeUpdateManagerImpl  I CWWKE1101I: Colocação em modo quiesce do servidor concluída.
[06/07/2021 21:55:10:904 BRT] 00000024 com.ibm.ws.app.manager.AppMessageHelper                      A CWWKZ0009I: O aplicativo webservice foi interrompido com sucesso.
[06/07/2021 21:55:11:246 BRT] 00000047 rty.security.mp.jwt.v12.config.impl.MpConfigProxyServiceImpl I CWWKS5782I: O MicroProfile JWT versão 1.2 mpConfigProxy foi desativado com sucesso.
[06/07/2021 21:55:11:248 BRT] 00000047 .ws.security.mp.jwt.v11.config.impl.MpConfigProxyServiceImpl I CWWKS5777I: O mpConfigProxy do MicroProfile JWT versão 1.1 foi desativado com sucesso.
[06/07/2021 21:55:11:250 BRT] 00000047 com.ibm.ws.security.mp.jwt.impl.MicroProfileJwtConfigImpl    I CWWKS5502I: A configuração do MicroProfile JWT [jwtUserConsumer] foi desativada com sucesso.
[06/07/2021 21:55:11:251 BRT] 00000047 com.ibm.ws.security.mp.jwt.impl.MicroProfileJwtConfigImpl    I CWWKS5502I: A configuração do MicroProfile JWT [defaultMpJwt] foi desativada com sucesso.
[06/07/2021 21:55:11:253 BRT] 00000047 com.ibm.ws.security.mp.jwt.impl.MicroProfileJwtServiceImpl   I CWWKS5502I: A configuração do MicroProfile JWT [MicroProfileJwtService] foi desativada com sucesso.
[06/07/2021 21:55:11:292 BRT] 00000047 .microprofile.metrics.internal.monitor.MonitorMetricsHandler I CWPMI2004I: Todas as métricas de monitoramento tiveram seu registro cancelado do mpMetrics.
[06/07/2021 21:55:11:453 BRT] 00000047 com.ibm.ws.security.ready.internal.SecurityReadyServiceImpl  I CWWKS0009I: O serviço de segurança parou.
[06/07/2021 21:55:11:485 BRT] 00000047 ibm.ws.security.authentication.internal.jaas.JAASServiceImpl I CWWKS1124I:  O plug-in de autenticação coletivo com o nome de classe NullCollectiveAuthenticationPlugin foi desativado. 
[06/07/2021 21:55:12:003 BRT] 00000001 com.ibm.ws.kernel.launch.internal.FrameworkManager           A CWWKE0036I: O servidor webservice foi interrompido depois de 1 minutos, 28,599 segundos.
